<?xml version="1.0" encoding="UTF-8"?>
<!-- Generated by org.testng.reporters.JUnitReportReporter -->
<testsuite hostname="BINTERNS-QA35L" failures="0" tests="16" name="test_method.PharmEasy_Healthacremodule" time="35.220" errors="0" timestamp="2023-05-12T11:16:10 IST" skipped="0">
  <testcase classname="test_method.PharmEasy_Healthacremodule" name="Healthcare_module" time="3.435"/>
  <system-out/>
  <testcase classname="test_method.PharmEasy_Healthacremodule" name="Topcare_Healthcare_module" time="3.182"/>
  <system-out/>
  <testcase classname="test_method.PharmEasy_Healthacremodule" name="Diabetic_Healthcare_module" time="1.112"/>
  <system-out/>
  <testcase classname="test_method.PharmEasy_Healthacremodule" name="Everherb_Healthcare_module" time="1.106"/>
  <system-out/>
  <testcase classname="test_method.PharmEasy_Healthacremodule" name="Pharmeasy_Healthcare_module" time="1.116"/>
  <system-out/>
  <testcase classname="test_method.PharmEasy_Healthacremodule" name="Popularity_Healthcare_module" time="4.205"/>
  <system-out/>
  <testcase classname="test_method.PharmEasy_Healthacremodule" name="All_categories_Healthcare_module" time="1.548"/>
  <system-out/>
  <testcase classname="test_method.PharmEasy_Healthacremodule" name="Mostloved_Healthcare_module" time="3.813"/>
  <system-out/>
  <testcase classname="test_method.PharmEasy_Healthacremodule" name="Mostlovedpopularity_Healthcare_module" time="4.181"/>
  <system-out/>
  <testcase classname="test_method.PharmEasy_Healthacremodule" name="All_categoriesback_Healthcare_module" time="1.295"/>
  <system-out/>
  <testcase classname="test_method.PharmEasy_Healthacremodule" name="Personalcare_Healthcare_module" time="1.556"/>
  <system-out/>
  <testcase classname="test_method.PharmEasy_Healthacremodule" name="Appliacnes_Personalcare_Healthcare_module" time="1.128"/>
  <system-out/>
  <testcase classname="test_method.PharmEasy_Healthacremodule" name="Oralcare_Personalcare_Healthcare_module" time="1.113"/>
  <system-out/>
  <testcase classname="test_method.PharmEasy_Healthacremodule" name="Anchor_Personalcare_Healthcare_module" time="1.119"/>
  <system-out/>
  <testcase classname="test_method.PharmEasy_Healthacremodule" name="Brand_Personalcare_Healthcare_module" time="1.115"/>
  <system-out/>
  <testcase classname="test_method.PharmEasy_Healthacremodule" name="Popularitypc_Healthcare_module" time="4.196"/>
  <system-out/>
</testsuite> <!-- test_method.PharmEasy_Healthacremodule -->
